{"/Users/brandon.hare/git/skyux-builder-plugin-stache-includes/src/include.js":{"path":"/Users/brandon.hare/git/skyux-builder-plugin-stache-includes/src/include.js","s":{"1":1,"2":1,"3":1,"4":1,"5":1,"6":3,"7":1,"8":2,"9":2,"10":2,"11":1,"12":1,"13":1,"14":1,"15":1,"16":1,"17":2,"18":1},"b":{"1":[1,2],"2":[1,1]},"f":{"1":1},"fnMap":{"1":{"name":"(anonymous_1)","line":20,"loc":{"start":{"line":20,"column":18},"end":{"line":20,"column":30}}}},"statementMap":{"1":{"start":{"line":1,"column":0},"end":{"line":1,"column":35}},"2":{"start":{"line":2,"column":0},"end":{"line":2,"column":25}},"3":{"start":{"line":3,"column":0},"end":{"line":3,"column":29}},"4":{"start":{"line":4,"column":0},"end":{"line":4,"column":70}},"5":{"start":{"line":6,"column":0},"end":{"line":31,"column":2}},"6":{"start":{"line":7,"column":2},"end":{"line":9,"column":3}},"7":{"start":{"line":8,"column":4},"end":{"line":8,"column":19}},"8":{"start":{"line":11,"column":2},"end":{"line":15,"column":5}},"9":{"start":{"line":17,"column":2},"end":{"line":17,"column":37}},"10":{"start":{"line":19,"column":2},"end":{"line":28,"column":3}},"11":{"start":{"line":20,"column":4},"end":{"line":25,"column":7}},"12":{"start":{"line":21,"column":6},"end":{"line":21,"column":46}},"13":{"start":{"line":22,"column":6},"end":{"line":22,"column":47}},"14":{"start":{"line":23,"column":6},"end":{"line":23,"column":54}},"15":{"start":{"line":24,"column":6},"end":{"line":24,"column":25}},"16":{"start":{"line":27,"column":4},"end":{"line":27,"column":34}},"17":{"start":{"line":30,"column":2},"end":{"line":30,"column":17}},"18":{"start":{"line":33,"column":0},"end":{"line":33,"column":29}}},"branchMap":{"1":{"line":7,"type":"if","locations":[{"start":{"line":7,"column":2},"end":{"line":7,"column":2}},{"start":{"line":7,"column":2},"end":{"line":7,"column":2}}]},"2":{"line":19,"type":"if","locations":[{"start":{"line":19,"column":2},"end":{"line":19,"column":2}},{"start":{"line":19,"column":2},"end":{"line":19,"column":2}}]}}}}